app/build/outputs/logs/manifest-merger-debug-report.txt
-- Merging decision tree log ---
manifest
ADDED from src\main\AndroidManifest.xml:2:1-481:12
	package
		ADDED from src\main\AndroidManifest.xml:2:11-41
		INJECTED from src\main\AndroidManifest.xml
		INJECTED from src\main\AndroidManifest.xml
	android:versionName
		INJECTED from src\main\AndroidManifest.xml
		INJECTED from src\main\AndroidManifest.xml
	xmlns:tools
		ADDED from src\main\AndroidManifest.xml:4:11-57
	xmlns:android
		ADDED from src\main\AndroidManifest.xml:3:11-69
	android:versionCode
		INJECTED from src\main\AndroidManifest.xml
		INJECTED from src\main\AndroidManifest.xml
uses-permission#android.permission.VIBRATE
ADDED from src\main\AndroidManifest.xml:7:5-65
	android:name
		ADDED from src\main\AndroidManifest.xml:7:22-63
uses-permission#android.permission.INTERNET
ADDED from src\main\AndroidManifest.xml:8:5-66
MERGED from [com.lzy.net:okhttputils:1.8.0] AndroidManifest.xml:11:5-67
MERGED from [hebeihk:bDIntegrationSDK_LibProject:unspecified] AndroidManifest.xml:19:5-67
MERGED from [hebeihk:bDIntegrationSDK_LibProject:unspecified] AndroidManifest.xml:25:5-67
	android:name
		ADDED from src\main\AndroidManifest.xml:8:22-64
uses-permission#android.permission.RECORD_AUDIO
ADDED from src\main\AndroidManifest.xml:9:5-70
	android:name
		ADDED from src\main\AndroidManifest.xml:9:22-68
uses-permission#android.permission.CAMERA
ADDED from src\main\AndroidManifest.xml:10:5-64
	android:name
		ADDED from src\main\AndroidManifest.xml:10:22-62
uses-permission#android.permission.ACCESS_NETWORK_STATE
ADDED from src\main\AndroidManifest.xml:11:5-78
MERGED from [hebeihk:bDIntegrationSDK_LibProject:unspecified] AndroidManifest.xml:14:5-79
MERGED from [hebeihk:bDIntegrationSDK_LibProject:unspecified] AndroidManifest.xml:26:5-79
	android:name
		ADDED from src\main\AndroidManifest.xml:11:22-76
uses-permission#android.permission.WRITE_EXTERNAL_STORAGE
ADDED from src\main\AndroidManifest.xml:12:5-80
MERGED from [com.lzy.net:okhttputils:1.8.0] AndroidManifest.xml:13:5-81
MERGED from [hebeihk:bDIntegrationSDK_LibProject:unspecified] AndroidManifest.xml:18:5-81
MERGED from [hebeihk:bDIntegrationSDK_LibProject:unspecified] AndroidManifest.xml:30:5-81
	android:name
		ADDED from src\main\AndroidManifest.xml:12:22-78
uses-permission#android.permission.MOUNT_UNMOUNT_FILESYSTEMS
ADDED from src\main\AndroidManifest.xml:13:5-83
MERGED from [com.lzy.net:okhttputils:1.8.0] AndroidManifest.xml:14:5-84
MERGED from [hebeihk:bDIntegrationSDK_LibProject:unspecified] AndroidManifest.xml:35:5-84
	android:name
		ADDED from src\main\AndroidManifest.xml:13:22-81
uses-permission#android.permission.ACCESS_FINE_LOCATION
ADDED from src\main\AndroidManifest.xml:14:5-78
MERGED from [hebeihk:bDIntegrationSDK_LibProject:unspecified] AndroidManifest.xml:31:5-79
MERGED from [hebeihk:bDIntegrationSDK_LibProject:unspecified] AndroidManifest.xml:39:5-79
	android:name
		ADDED from src\main\AndroidManifest.xml:14:22-76
uses-permission#android.permission.GET_TASKS
ADDED from src\main\AndroidManifest.xml:15:5-67
MERGED from [hebeihk:bDIntegrationSDK_LibProject:unspecified] AndroidManifest.xml:20:5-68
MERGED from [hebeihk:bDIntegrationSDK_LibProject:unspecified] AndroidManifest.xml:32:5-68
	android:name
		ADDED from src\main\AndroidManifest.xml:15:22-65
uses-permission#android.permission.ACCESS_WIFI_STATE
ADDED from src\main\AndroidManifest.xml:16:5-75
MERGED from [hebeihk:bDIntegrationSDK_LibProject:unspecified] AndroidManifest.xml:15:5-76
MERGED from [hebeihk:bDIntegrationSDK_LibProject:unspecified] AndroidManifest.xml:27:5-76
	android:name
		ADDED from src\main\AndroidManifest.xml:16:22-73
uses-permission#android.permission.CHANGE_WIFI_STATE
ADDED from src\main\AndroidManifest.xml:17:5-75
MERGED from [hebeihk:bDIntegrationSDK_LibProject:unspecified] AndroidManifest.xml:21:5-76
	android:name
		ADDED from src\main\AndroidManifest.xml:17:22-73
uses-permission#android.permission.WAKE_LOCK
ADDED from src\main\AndroidManifest.xml:18:5-67
	android:name
		ADDED from src\main\AndroidManifest.xml:18:22-65
uses-permission#android.permission.MODIFY_AUDIO_SETTINGS
ADDED from src\main\AndroidManifest.xml:19:5-79
	android:name
		ADDED from src\main\AndroidManifest.xml:19:22-77
uses-permission#android.permission.READ_PHONE_STATE
ADDED from src\main\AndroidManifest.xml:20:5-74
MERGED from [hebeihk:bDIntegrationSDK_LibProject:unspecified] AndroidManifest.xml:16:5-75
MERGED from [hebeihk:bDIntegrationSDK_LibProject:unspecified] AndroidManifest.xml:28:5-75
	android:name
		ADDED from src\main\AndroidManifest.xml:20:22-72
uses-permission#android.permission.RECEIVE_BOOT_COMPLETED
ADDED from src\main\AndroidManifest.xml:21:5-80
	android:name
		ADDED from src\main\AndroidManifest.xml:21:22-78
uses-permission#android.permission.USE_CREDENTIALS
ADDED from src\main\AndroidManifest.xml:22:5-73
	android:name
		ADDED from src\main\AndroidManifest.xml:22:22-71
uses-permission#com.android.launcher.permission.READ_SETTINGS
ADDED from src\main\AndroidManifest.xml:23:5-84
	android:name
		ADDED from src\main\AndroidManifest.xml:23:22-82
uses-permission#android.permission.BROADCAST_STICKY
ADDED from src\main\AndroidManifest.xml:24:5-74
	android:name
		ADDED from src\main\AndroidManifest.xml:24:22-72
uses-permission#android.permission.WRITE_SETTINGS
ADDED from src\main\AndroidManifest.xml:25:5-72
MERGED from [hebeihk:bDIntegrationSDK_LibProject:unspecified] AndroidManifest.xml:17:5-73
MERGED from [hebeihk:bDIntegrationSDK_LibProject:unspecified] AndroidManifest.xml:29:5-73
	android:name
		ADDED from src\main\AndroidManifest.xml:25:22-70
uses-permission#android.permission.REQUEST_IGNORE_BATTERY_OPTIMIZATIONS
ADDED from src\main\AndroidManifest.xml:26:5-94
	android:name
		ADDED from src\main\AndroidManifest.xml:26:22-92
uses-permission#android.permission.CALL_PHONE
ADDED from src\main\AndroidManifest.xml:48:5-68
	android:name
		ADDED from src\main\AndroidManifest.xml:48:22-66
uses-permission#android.permission.READ_LOGS
ADDED from src\main\AndroidManifest.xml:60:5-67
	android:name
		ADDED from src\main\AndroidManifest.xml:60:22-65
permission#cn.huischool.huixiao.permission.JPUSH_MESSAGE
ADDED from src\main\AndroidManifest.xml:65:5-69:11
	android:protectionLevel
		ADDED from src\main\AndroidManifest.xml:67:9-44
	android:name
		ADDED from src\main\AndroidManifest.xml:66:9-69
uses-permission#cn.huischool.huixiao.permission.JPUSH_MESSAGE
ADDED from src\main\AndroidManifest.xml:72:5-84
	android:name
		ADDED from src\main\AndroidManifest.xml:72:22-82
uses-permission#android.permission.RECEIVE_USER_PRESENT
ADDED from src\main\AndroidManifest.xml:73:5-78
	android:name
		ADDED from src\main\AndroidManifest.xml:73:22-76
uses-permission#android.permission.READ_EXTERNAL_STORAGE
ADDED from src\main\AndroidManifest.xml:78:5-79
MERGED from [com.lzy.net:okhttputils:1.8.0] AndroidManifest.xml:12:5-80
MERGED from [hebeihk:bDIntegrationSDK_LibProject:unspecified] AndroidManifest.xml:34:5-80
	android:name
		ADDED from src\main\AndroidManifest.xml:78:22-77
application
ADDED from src\main\AndroidManifest.xml:85:5-478:19
MERGED from [com.android.support:design:24.0.0] AndroidManifest.xml:22:5-20
MERGED from [com.android.support:cardview-v7:24.0.0] AndroidManifest.xml:22:5-20
MERGED from [com.pgyersdk:sdk:2.4.0] AndroidManifest.xml:10:5-11:19
MERGED from [com.lzy.net:okhttpserver:1.0.2] AndroidManifest.xml:11:5-13:19
MERGED from [hebeihk:bDIntegrationSDK_LibProject:unspecified] AndroidManifest.xml:41:5-101:19
MERGED from [com.android.support:appcompat-v7:24.0.0] AndroidManifest.xml:25:5-20
MERGED from [com.android.support:animated-vector-drawable:24.0.0] AndroidManifest.xml:22:5-20
MERGED from [com.android.support:support-vector-drawable:24.0.0] AndroidManifest.xml:23:5-20
MERGED from [com.android.support:support-v4:24.0.0] AndroidManifest.xml:25:5-20
MERGED from [org.litepal.android:core:1.4.1] AndroidManifest.xml:11:5-14:19
	android:label
		ADDED from src\main\AndroidManifest.xml:90:9-41
	android:resizeableActivity
		ADDED from src\main\AndroidManifest.xml:91:9-43
	android:configChanges
		ADDED from src\main\AndroidManifest.xml:88:9-59
	android:allowBackup
		ADDED from src\main\AndroidManifest.xml:87:9-35
	android:icon
		ADDED from src\main\AndroidManifest.xml:89:9-42
	android:theme
		ADDED from src\main\AndroidManifest.xml:92:9-41
	android:name
		ADDED from src\main\AndroidManifest.xml:86:9-57
meta-data#EASEMOB_APPKEY
ADDED from src\main\AndroidManifest.xml:97:9-100:15
	android:value
		ADDED from src\main\AndroidManifest.xml:99:13-53
	android:name
		ADDED from src\main\AndroidManifest.xml:98:13-42
service#com.hyphenate.chat.EMChatService
ADDED from src\main\AndroidManifest.xml:102:9-105:15
	android:exported
		ADDED from src\main\AndroidManifest.xml:104:13-36
	android:name
		ADDED from src\main\AndroidManifest.xml:103:13-60
receiver#com.hyphenate.chat.EMMonitorReceiver
ADDED from src\main\AndroidManifest.xml:109:9-120:20
	android:name
		ADDED from src\main\AndroidManifest.xml:109:19-70
intent-filter#android.intent.action.PACKAGE_REMOVED
ADDED from src\main\AndroidManifest.xml:110:13-114:29
action#android.intent.action.PACKAGE_REMOVED
ADDED from src\main\AndroidManifest.xml:111:17-79
	android:name
		ADDED from src\main\AndroidManifest.xml:111:25-77
data
ADDED from src\main\AndroidManifest.xml:113:17-49
	android:scheme
		ADDED from src\main\AndroidManifest.xml:113:23-47
intent-filter#android.intent.action.BOOT_COMPLETED+android.intent.action.USER_PRESENT
ADDED from src\main\AndroidManifest.xml:116:13-119:29
action#android.intent.action.BOOT_COMPLETED
ADDED from src\main\AndroidManifest.xml:117:17-78
	android:name
		ADDED from src\main\AndroidManifest.xml:117:25-76
action#android.intent.action.USER_PRESENT
ADDED from src\main\AndroidManifest.xml:118:17-76
	android:name
		ADDED from src\main\AndroidManifest.xml:118:25-74
activity#com.pgyersdk.activity.FeedbackActivity
ADDED from src\main\AndroidManifest.xml:125:9-74
	android:name
		ADDED from src\main\AndroidManifest.xml:125:19-72
meta-data#PGYER_APPID
ADDED from src\main\AndroidManifest.xml:128:9-132:21
	android:value
		ADDED from src\main\AndroidManifest.xml:130:13-61
	android:name
		ADDED from src\main\AndroidManifest.xml:129:13-39
service#cn.jpush.android.service.PushService
ADDED from src\main\AndroidManifest.xml:140:9-151:19
	android:enabled
		ADDED from src\main\AndroidManifest.xml:142:13-35
	android:exported
		ADDED from src\main\AndroidManifest.xml:143:13-37
	android:name
		ADDED from src\main\AndroidManifest.xml:141:13-64
intent-filter#cn.jpush.android.intent.PUSH_TIME+cn.jpush.android.intent.PushService+cn.jpush.android.intent.REGISTER+cn.jpush.android.intent.REPORT
ADDED from src\main\AndroidManifest.xml:145:13-150:29
action#cn.jpush.android.intent.REGISTER
ADDED from src\main\AndroidManifest.xml:146:17-74
	android:name
		ADDED from src\main\AndroidManifest.xml:146:25-72
action#cn.jpush.android.intent.REPORT
ADDED from src\main\AndroidManifest.xml:147:17-72
	android:name
		ADDED from src\main\AndroidManifest.xml:147:25-70
action#cn.jpush.android.intent.PushService
ADDED from src\main\AndroidManifest.xml:148:17-77
	android:name
		ADDED from src\main\AndroidManifest.xml:148:25-75
action#cn.jpush.android.intent.PUSH_TIME
ADDED from src\main\AndroidManifest.xml:149:17-75
	android:name
		ADDED from src\main\AndroidManifest.xml:149:25-73
activity#cn.jpush.android.ui.PushActivity
ADDED from src\main\AndroidManifest.xml:155:9-166:20
	android:exported
		ADDED from src\main\AndroidManifest.xml:158:13-37
	android:configChanges
		ADDED from src\main\AndroidManifest.xml:157:13-63
	android:name
		ADDED from src\main\AndroidManifest.xml:156:13-60
intent-filter#android.intent.category.DEFAULT+cn.huischool.huixiao+cn.jpush.android.ui.PushActivity
ADDED from src\main\AndroidManifest.xml:160:13-165:29
action#cn.jpush.android.ui.PushActivity
ADDED from src\main\AndroidManifest.xml:161:17-74
	android:name
		ADDED from src\main\AndroidManifest.xml:161:25-72
category#android.intent.category.DEFAULT
ADDED from src\main\AndroidManifest.xml:163:17-75
	android:name
		ADDED from src\main\AndroidManifest.xml:163:27-73
category#cn.huischool.huixiao
ADDED from src\main\AndroidManifest.xml:164:17-64
	android:name
		ADDED from src\main\AndroidManifest.xml:164:27-62
service#cn.jpush.android.service.DownloadService
ADDED from src\main\AndroidManifest.xml:168:9-173:19
	android:enabled
		ADDED from src\main\AndroidManifest.xml:170:13-35
	android:exported
		ADDED from src\main\AndroidManifest.xml:171:13-37
	android:name
		ADDED from src\main\AndroidManifest.xml:169:13-68
receiver#cn.huischool.huixiao.framework.widgets.JpushReceiver
ADDED from src\main\AndroidManifest.xml:177:9-193:20
	android:enabled
		ADDED from src\main\AndroidManifest.xml:180:13-35
	android:exported
		ADDED from src\main\AndroidManifest.xml:181:13-37
	android:name
		ADDED from src\main\AndroidManifest.xml:178:13-60
intent-filter#cn.huischool.huixiao+cn.jpush.android.intent.ACTION_RICHPUSH_CALLBACK+cn.jpush.android.intent.CONNECTION+cn.jpush.android.intent.MESSAGE_RECEIVED+cn.jpush.android.intent.NOTIFICATION_OPENED+cn.jpush.android.intent.NOTIFICATION_RECEIVED+cn.jpush.android.intent.REGISTRATION+cn.jpush.android.intent.UNREGISTRATION
ADDED from src\main\AndroidManifest.xml:183:13-192:29
action#cn.jpush.android.intent.REGISTRATION
ADDED from src\main\AndroidManifest.xml:184:17-78
	android:name
		ADDED from src\main\AndroidManifest.xml:184:25-76
action#cn.jpush.android.intent.UNREGISTRATION
ADDED from src\main\AndroidManifest.xml:185:17-80
	android:name
		ADDED from src\main\AndroidManifest.xml:185:25-78
action#cn.jpush.android.intent.MESSAGE_RECEIVED
ADDED from src\main\AndroidManifest.xml:186:17-82
	android:name
		ADDED from src\main\AndroidManifest.xml:186:25-80
action#cn.jpush.android.intent.NOTIFICATION_RECEIVED
ADDED from src\main\AndroidManifest.xml:187:17-87
	android:name
		ADDED from src\main\AndroidManifest.xml:187:25-85
action#cn.jpush.android.intent.NOTIFICATION_OPENED
ADDED from src\main\AndroidManifest.xml:188:17-85
	android:name
		ADDED from src\main\AndroidManifest.xml:188:25-83
action#cn.jpush.android.intent.ACTION_RICHPUSH_CALLBACK
ADDED from src\main\AndroidManifest.xml:189:17-90
	android:name
		ADDED from src\main\AndroidManifest.xml:189:25-88
action#cn.jpush.android.intent.CONNECTION
ADDED from src\main\AndroidManifest.xml:190:17-76
	android:name
		ADDED from src\main\AndroidManifest.xml:190:25-74
meta-data#JPUSH_CHANNEL
ADDED from src\main\AndroidManifest.xml:201:9-204:15
	android:value
		ADDED from src\main\AndroidManifest.xml:203:13-46
	android:name
		ADDED from src\main\AndroidManifest.xml:202:13-41
meta-data#JPUSH_APPKEY
ADDED from src\main\AndroidManifest.xml:206:9-209:15
	android:value
		ADDED from src\main\AndroidManifest.xml:208:13-53
	android:name
		ADDED from src\main\AndroidManifest.xml:207:13-40
activity#cn.jpush.android.ui.PopWinActivity
ADDED from src\main\AndroidManifest.xml:212:9-217:20
	android:exported
		ADDED from src\main\AndroidManifest.xml:214:13-37
	android:theme
		ADDED from src\main\AndroidManifest.xml:215:13-49
	android:name
		ADDED from src\main\AndroidManifest.xml:213:13-62
service#cn.jpush.android.service.DaemonService
ADDED from src\main\AndroidManifest.xml:231:9-241:19
	android:enabled
		ADDED from src\main\AndroidManifest.xml:233:13-35
	android:exported
		ADDED from src\main\AndroidManifest.xml:234:13-36
	android:name
		ADDED from src\main\AndroidManifest.xml:232:13-66
intent-filter#cn.huischool.huixiao+cn.jpush.android.intent.DaemonService
ADDED from src\main\AndroidManifest.xml:236:13-239:29
action#cn.jpush.android.intent.DaemonService
ADDED from src\main\AndroidManifest.xml:237:17-79
	android:name
		ADDED from src\main\AndroidManifest.xml:237:25-77
receiver#cn.jpush.android.service.PushReceiver
ADDED from src\main\AndroidManifest.xml:244:9-263:20
	android:enabled
		ADDED from src\main\AndroidManifest.xml:246:13-35
	android:name
		ADDED from src\main\AndroidManifest.xml:245:13-65
intent-filter#cn.huischool.huixiao+cn.jpush.android.intent.NOTIFICATION_RECEIVED_PROXY
ADDED from src\main\AndroidManifest.xml:248:13-251:29
	android:priority
		ADDED from src\main\AndroidManifest.xml:248:28-51
action#cn.jpush.android.intent.NOTIFICATION_RECEIVED_PROXY
ADDED from src\main\AndroidManifest.xml:249:17-93
	android:name
		ADDED from src\main\AndroidManifest.xml:249:25-91
intent-filter#android.intent.action.USER_PRESENT+android.net.conn.CONNECTIVITY_CHANGE
ADDED from src\main\AndroidManifest.xml:252:13-255:29
action#android.net.conn.CONNECTIVITY_CHANGE
ADDED from src\main\AndroidManifest.xml:254:17-78
	android:name
		ADDED from src\main\AndroidManifest.xml:254:25-76
intent-filter#android.intent.action.PACKAGE_ADDED+android.intent.action.PACKAGE_REMOVED
ADDED from src\main\AndroidManifest.xml:257:13-262:29
action#android.intent.action.PACKAGE_ADDED
ADDED from src\main\AndroidManifest.xml:258:17-77
	android:name
		ADDED from src\main\AndroidManifest.xml:258:25-75
receiver#cn.jpush.android.service.AlarmReceiver
ADDED from src\main\AndroidManifest.xml:266:9-269:15
	android:exported
		ADDED from src\main\AndroidManifest.xml:268:13-37
	android:name
		ADDED from src\main\AndroidManifest.xml:267:13-66
activity#cn.huischool.huixiao.LoginActivity
ADDED from src\main\AndroidManifest.xml:275:9-286:20
	android:screenOrientation
		ADDED from src\main\AndroidManifest.xml:278:13-49
	android:label
		ADDED from src\main\AndroidManifest.xml:277:13-45
	android:theme
		ADDED from src\main\AndroidManifest.xml:279:13-44
	android:name
		ADDED from src\main\AndroidManifest.xml:276:13-62
intent-filter#android.intent.action.MAIN+android.intent.category.LAUNCHER
ADDED from src\main\AndroidManifest.xml:281:13-285:29
action#android.intent.action.MAIN
ADDED from src\main\AndroidManifest.xml:282:17-68
	android:name
		ADDED from src\main\AndroidManifest.xml:282:25-66
category#android.intent.category.LAUNCHER
ADDED from src\main\AndroidManifest.xml:284:17-76
	android:name
		ADDED from src\main\AndroidManifest.xml:284:27-74
activity#cn.huischool.huixiao.activitys.home.MainActivity
ADDED from src\main\AndroidManifest.xml:287:9-292:20
	android:screenOrientation
		ADDED from src\main\AndroidManifest.xml:290:13-49
	android:label
		ADDED from src\main\AndroidManifest.xml:289:13-45
	android:name
		ADDED from src\main\AndroidManifest.xml:288:13-56
activity#cn.huischool.huixiao.activitys.home.WebViewHXActivity
ADDED from src\main\AndroidManifest.xml:294:9-299:20
	android:screenOrientation
		ADDED from src\main\AndroidManifest.xml:297:13-49
	android:label
		ADDED from src\main\AndroidManifest.xml:296:13-45
	android:name
		ADDED from src\main\AndroidManifest.xml:295:13-61
activity#cn.huischool.huixiao.activitys.home.NewsDetailWebViewActivity
ADDED from src\main\AndroidManifest.xml:300:9-305:20
	android:screenOrientation
		ADDED from src\main\AndroidManifest.xml:303:13-49
	android:label
		ADDED from src\main\AndroidManifest.xml:302:13-45
	android:name
		ADDED from src\main\AndroidManifest.xml:301:13-69
activity#cn.huischool.huixiao.activitys.onlinehandle.NotifiActivity
ADDED from src\main\AndroidManifest.xml:306:9-311:20
	android:screenOrientation
		ADDED from src\main\AndroidManifest.xml:309:13-49
	android:label
		ADDED from src\main\AndroidManifest.xml:308:13-45
	android:name
		ADDED from src\main\AndroidManifest.xml:307:13-66
activity#cn.huischool.huixiao.activitys.onlinehandle.ApprovalActivity
ADDED from src\main\AndroidManifest.xml:312:9-317:20
	android:screenOrientation
		ADDED from src\main\AndroidManifest.xml:315:13-49
	android:label
		ADDED from src\main\AndroidManifest.xml:314:13-45
	android:name
		ADDED from src\main\AndroidManifest.xml:313:13-68
activity#cn.huischool.huixiao.activitys.onlinehandle.AfficheActivity
ADDED from src\main\AndroidManifest.xml:318:9-323:20
	android:screenOrientation
		ADDED from src\main\AndroidManifest.xml:321:13-49
	android:label
		ADDED from src\main\AndroidManifest.xml:320:13-45
	android:name
		ADDED from src\main\AndroidManifest.xml:319:13-67
activity#cn.huischool.huixiao.activitys.mine.changeinforacticitys.ChangeCountInforActivity
ADDED from src\main\AndroidManifest.xml:324:9-329:20
	android:screenOrientation
		ADDED from src\main\AndroidManifest.xml:327:13-49
	android:label
		ADDED from src\main\AndroidManifest.xml:326:13-45
	android:name
		ADDED from src\main\AndroidManifest.xml:325:13-89
activity#cn.huischool.huixiao.activitys.mine.MineCountDetailActivity
ADDED from src\main\AndroidManifest.xml:330:9-335:20
	android:screenOrientation
		ADDED from src\main\AndroidManifest.xml:333:13-49
	android:label
		ADDED from src\main\AndroidManifest.xml:332:13-45
	android:name
		ADDED from src\main\AndroidManifest.xml:331:13-67
activity#cn.huischool.huixiao.activitys.mine.FileManageActivity
ADDED from src\main\AndroidManifest.xml:337:9-342:20
	android:screenOrientation
		ADDED from src\main\AndroidManifest.xml:340:13-49
	android:label
		ADDED from src\main\AndroidManifest.xml:339:13-45
	android:name
		ADDED from src\main\AndroidManifest.xml:338:13-62
activity#cn.huischool.huixiao.activitys.onlinehandle.MyTeacherPlanActivity
ADDED from src\main\AndroidManifest.xml:343:9-348:20
	android:screenOrientation
		ADDED from src\main\AndroidManifest.xml:346:13-49
	android:label
		ADDED from src\main\AndroidManifest.xml:345:13-45
	android:name
		ADDED from src\main\AndroidManifest.xml:344:13-73
activity#cn.huischool.huixiao.activitys.onlinehandle.CheckGrammarActivity
ADDED from src\main\AndroidManifest.xml:349:9-355:20
	android:screenOrientation
		ADDED from src\main\AndroidManifest.xml:352:13-49
	android:label
		ADDED from src\main\AndroidManifest.xml:351:13-45
	android:windowSoftInputMode
		ADDED from src\main\AndroidManifest.xml:353:13-55
	android:name
		ADDED from src\main\AndroidManifest.xml:350:13-72
activity#cn.huischool.huixiao.activitys.onlinehandle.CheckCourseWareActivity
ADDED from src\main\AndroidManifest.xml:356:9-362:20
	android:screenOrientation
		ADDED from src\main\AndroidManifest.xml:359:13-49
	android:label
		ADDED from src\main\AndroidManifest.xml:358:13-45
	android:windowSoftInputMode
		ADDED from src\main\AndroidManifest.xml:360:13-55
	android:name
		ADDED from src\main\AndroidManifest.xml:357:13-75
activity#cn.huischool.huixiao.activitys.mine.MineFeedBackActivity
ADDED from src\main\AndroidManifest.xml:364:9-369:20
	android:screenOrientation
		ADDED from src\main\AndroidManifest.xml:367:13-49
	android:label
		ADDED from src\main\AndroidManifest.xml:366:13-45
	android:name
		ADDED from src\main\AndroidManifest.xml:365:13-64
activity#cn.huischool.huixiao.activitys.onlinehandle.MyCourseWareActivity
ADDED from src\main\AndroidManifest.xml:372:9-377:20
	android:screenOrientation
		ADDED from src\main\AndroidManifest.xml:375:13-49
	android:label
		ADDED from src\main\AndroidManifest.xml:374:13-45
	android:name
		ADDED from src\main\AndroidManifest.xml:373:13-72
activity#cn.huischool.huixiao.activitys.onlinehandle.LessonNotesActivity
ADDED from src\main\AndroidManifest.xml:379:9-385:20
	android:screenOrientation
		ADDED from src\main\AndroidManifest.xml:382:13-49
	android:label
		ADDED from src\main\AndroidManifest.xml:381:13-45
	android:windowSoftInputMode
		ADDED from src\main\AndroidManifest.xml:383:13-55
	android:name
		ADDED from src\main\AndroidManifest.xml:380:13-71
activity#cn.huischool.huixiao.activitys.onlinehandle.StudyNotesActivity
ADDED from src\main\AndroidManifest.xml:386:9-392:20
	android:screenOrientation
		ADDED from src\main\AndroidManifest.xml:389:13-49
	android:label
		ADDED from src\main\AndroidManifest.xml:388:13-45
	android:windowSoftInputMode
		ADDED from src\main\AndroidManifest.xml:390:13-55
	android:name
		ADDED from src\main\AndroidManifest.xml:387:13-70
activity#cn.huischool.huixiao.activitys.onlinehandle.MeetingRecordActivity
ADDED from src\main\AndroidManifest.xml:393:9-399:20
	android:screenOrientation
		ADDED from src\main\AndroidManifest.xml:396:13-49
	android:label
		ADDED from src\main\AndroidManifest.xml:395:13-45
	android:windowSoftInputMode
		ADDED from src\main\AndroidManifest.xml:397:13-55
	android:name
		ADDED from src\main\AndroidManifest.xml:394:13-73
activity#cn.huischool.huixiao.activitys.onlinehandle.ActivitiesOfTeachAndresearchActivity
ADDED from src\main\AndroidManifest.xml:400:9-406:20
	android:screenOrientation
		ADDED from src\main\AndroidManifest.xml:403:13-49
	android:label
		ADDED from src\main\AndroidManifest.xml:402:13-45
	android:windowSoftInputMode
		ADDED from src\main\AndroidManifest.xml:404:13-55
	android:name
		ADDED from src\main\AndroidManifest.xml:401:13-88
activity#cn.huischool.huixiao.activitys.onlinehandle.OnlineDetailFromIdActivity
ADDED from src\main\AndroidManifest.xml:408:9-414:20
	android:screenOrientation
		ADDED from src\main\AndroidManifest.xml:411:13-49
	android:label
		ADDED from src\main\AndroidManifest.xml:410:13-45
	android:windowSoftInputMode
		ADDED from src\main\AndroidManifest.xml:412:13-55
	android:name
		ADDED from src\main\AndroidManifest.xml:409:13-78
activity#cn.huischool.huixiao.activitys.onlinehandle.ResearchTableActivity
ADDED from src\main\AndroidManifest.xml:415:9-421:20
	android:screenOrientation
		ADDED from src\main\AndroidManifest.xml:418:13-49
	android:label
		ADDED from src\main\AndroidManifest.xml:417:13-45
	android:windowSoftInputMode
		ADDED from src\main\AndroidManifest.xml:419:13-55
	android:name
		ADDED from src\main\AndroidManifest.xml:416:13-73
activity#cn.huischool.huixiao.activitys.onlinehandle.WebviewActivity
ADDED from src\main\AndroidManifest.xml:422:9-428:20
	android:screenOrientation
		ADDED from src\main\AndroidManifest.xml:425:13-49
	android:label
		ADDED from src\main\AndroidManifest.xml:424:13-45
	android:windowSoftInputMode
		ADDED from src\main\AndroidManifest.xml:426:13-55
	android:name
		ADDED from src\main\AndroidManifest.xml:423:13-67
activity#cn.huischool.huixiao.activitys.mine.MineSettingActivity
ADDED from src\main\AndroidManifest.xml:430:9-435:20
	android:screenOrientation
		ADDED from src\main\AndroidManifest.xml:433:13-49
	android:label
		ADDED from src\main\AndroidManifest.xml:432:13-45
	android:name
		ADDED from src\main\AndroidManifest.xml:431:13-63
activity#cn.huischool.huixiao.activitys.contacts.ContactsPersonDetailActivity
ADDED from src\main\AndroidManifest.xml:436:9-441:20
	android:screenOrientation
		ADDED from src\main\AndroidManifest.xml:439:13-49
	android:label
		ADDED from src\main\AndroidManifest.xml:438:13-45
	android:name
		ADDED from src\main\AndroidManifest.xml:437:13-76
activity#cn.huischool.huixiao.activitys.contacts.ChatActivity
ADDED from src\main\AndroidManifest.xml:442:9-447:20
	android:screenOrientation
		ADDED from src\main\AndroidManifest.xml:445:13-49
	android:label
		ADDED from src\main\AndroidManifest.xml:444:13-45
	android:name
		ADDED from src\main\AndroidManifest.xml:443:13-60
activity#cn.huischool.huixiao.activitys.contacts.ConversationListActivity
ADDED from src\main\AndroidManifest.xml:448:9-453:20
	android:screenOrientation
		ADDED from src\main\AndroidManifest.xml:451:13-49
	android:label
		ADDED from src\main\AndroidManifest.xml:450:13-45
	android:name
		ADDED from src\main\AndroidManifest.xml:449:13-72
activity#cn.huischool.huixiao.activitys.mine.changeinforacticitys.SelectPicActivity
ADDED from src\main\AndroidManifest.xml:454:9-460:20
	android:screenOrientation
		ADDED from src\main\AndroidManifest.xml:457:13-49
	android:label
		ADDED from src\main\AndroidManifest.xml:456:13-45
	android:theme
		ADDED from src\main\AndroidManifest.xml:458:13-68
	android:name
		ADDED from src\main\AndroidManifest.xml:455:13-82
activity#com.hyphenate.easeui.ui.EaseShowBigImageActivity
ADDED from src\main\AndroidManifest.xml:462:9-465:15
	android:screenOrientation
		ADDED from src\main\AndroidManifest.xml:464:13-49
	android:name
		ADDED from src\main\AndroidManifest.xml:463:13-76
activity#com.hyphenate.easeui.ui.EaseShowNormalFileActivity
ADDED from src\main\AndroidManifest.xml:466:9-469:15
	android:screenOrientation
		ADDED from src\main\AndroidManifest.xml:468:13-49
	android:name
		ADDED from src\main\AndroidManifest.xml:467:13-78
activity#com.hyphenate.easeui.ui.EaseBaseActivity
ADDED from src\main\AndroidManifest.xml:470:9-473:15
	android:screenOrientation
		ADDED from src\main\AndroidManifest.xml:472:13-49
	android:name
		ADDED from src\main\AndroidManifest.xml:471:13-68
activity#com.hyphenate.easeui.ui.EaseShowVideoActivity
ADDED from src\main\AndroidManifest.xml:474:9-477:15
	android:screenOrientation
		ADDED from src\main\AndroidManifest.xml:476:13-49
	android:name
		ADDED from src\main\AndroidManifest.xml:475:13-73
uses-sdk
INJECTED from src\main\AndroidManifest.xml reason: use-sdk injection requested
MERGED from [com.android.support:multidex:1.0.1] AndroidManifest.xml:18:5-42
MERGED from [com.android.support:design:24.0.0] AndroidManifest.xml:20:5-43
MERGED from [com.github.rey5137:material:1.2.4] AndroidManifest.xml:7:5-9:41
MERGED from [com.android.support:cardview-v7:24.0.0] AndroidManifest.xml:20:5-43
MERGED from [com.android.support:recyclerview-v7:24.0.0] AndroidManifest.xml:20:5-43
MERGED from [com.jakewharton:butterknife:8.0.1] AndroidManifest.xml:5:5-43
MERGED from [com.pgyersdk:sdk:2.4.0] AndroidManifest.xml:6:5-8:41
MERGED from [com.lzy.net:okhttpserver:1.0.2] AndroidManifest.xml:7:5-9:41
MERGED from [com.lzy.net:okhttputils:1.8.0] AndroidManifest.xml:7:5-9:41
MERGED from [hebeihk:bDIntegrationSDK_LibProject:unspecified] AndroidManifest.xml:10:5-12:41
MERGED from [com.google.android:flexbox:0.2.2] AndroidManifest.xml:23:5-25:41
MERGED from [com.android.support:appcompat-v7:24.0.0] AndroidManifest.xml:21:5-23:78
MERGED from [com.android.support:animated-vector-drawable:24.0.0] AndroidManifest.xml:20:5-44
MERGED from [com.android.support:support-vector-drawable:24.0.0] AndroidManifest.xml:21:5-43
MERGED from [com.bigkoo:pickerview:2.1.0] AndroidManifest.xml:7:5-9:41
MERGED from [hebeihk:easeui:unspecified] AndroidManifest.xml:7:5-9:41
MERGED from [com.android.support:support-v4:24.0.0] AndroidManifest.xml:21:5-23:54